[debug] [2021-01-10T02:24:03.313Z] ----------------------------------------------------------------------
[debug] [2021-01-10T02:24:03.318Z] Command:       C:\Program Files\nodejs\node.exe C:\Users\leowe\AppData\Roaming\npm\node_modules\firebase-tools\lib\bin\firebase.js serve
[debug] [2021-01-10T02:24:03.319Z] CLI Version:   9.1.2
[debug] [2021-01-10T02:24:03.319Z] Platform:      win32
[debug] [2021-01-10T02:24:03.319Z] Node Version:  v14.15.3
[debug] [2021-01-10T02:24:03.321Z] Time:          Sat Jan 09 2021 19:24:03 GMT-0700 (Mountain Standard Time)
[debug] [2021-01-10T02:24:03.321Z] ----------------------------------------------------------------------
[debug] [2021-01-10T02:24:03.321Z] 
[debug] [2021-01-10T02:24:03.328Z] > command requires scopes: ["email","openid","https://www.googleapis.com/auth/cloudplatformprojects.readonly","https://www.googleapis.com/auth/firebase","https://www.googleapis.com/auth/cloud-platform"]
[debug] [2021-01-10T02:24:03.329Z] > authorizing via signed-in user
[debug] [2021-01-10T02:24:03.329Z] [iam] checking project menu-c0848 for permissions ["firebase.projects.get"]
[debug] [2021-01-10T02:24:03.331Z] > refreshing access token with scopes: ["email","https://www.googleapis.com/auth/cloud-platform","https://www.googleapis.com/auth/cloudplatformprojects.readonly","https://www.googleapis.com/auth/firebase","openid"]
[debug] [2021-01-10T02:24:03.332Z] >>> HTTP REQUEST POST https://www.googleapis.com/oauth2/v3/token  
 <request body omitted>
[debug] [2021-01-10T02:24:03.489Z] <<< HTTP RESPONSE 200 {"expires":"Mon, 01 Jan 1990 00:00:00 GMT","date":"Sun, 10 Jan 2021 02:24:02 GMT","pragma":"no-cache","cache-control":"no-cache, no-store, max-age=0, must-revalidate","content-type":"application/json; charset=utf-8","vary":"X-Origin, Referer, Origin,Accept-Encoding","server":"scaffolding on HTTPServer2","x-xss-protection":"0","x-frame-options":"SAMEORIGIN","x-content-type-options":"nosniff","alt-svc":"h3-29=\":443\"; ma=2592000,h3-T051=\":443\"; ma=2592000,h3-Q050=\":443\"; ma=2592000,h3-Q046=\":443\"; ma=2592000,h3-Q043=\":443\"; ma=2592000,quic=\":443\"; ma=2592000; v=\"46,43\"","accept-ranges":"none","transfer-encoding":"chunked"}
[debug] [2021-01-10T02:24:03.497Z] >>> HTTP REQUEST POST https://cloudresourcemanager.googleapis.com/v1/projects/menu-c0848:testIamPermissions  
 {"permissions":["firebase.projects.get"]}
[debug] [2021-01-10T02:24:03.628Z] <<< HTTP RESPONSE 200 {"content-type":"application/json; charset=UTF-8","vary":"X-Origin, Referer, Origin,Accept-Encoding","date":"Sun, 10 Jan 2021 02:24:02 GMT","server":"ESF","cache-control":"private","x-xss-protection":"0","x-frame-options":"SAMEORIGIN","x-content-type-options":"nosniff","server-timing":"gfet4t7; dur=47","alt-svc":"h3-29=\":443\"; ma=2592000,h3-T051=\":443\"; ma=2592000,h3-Q050=\":443\"; ma=2592000,h3-Q046=\":443\"; ma=2592000,h3-Q043=\":443\"; ma=2592000,quic=\":443\"; ma=2592000; v=\"46,43\"","accept-ranges":"none","transfer-encoding":"chunked"}
[debug] [2021-01-10T02:24:03.630Z] >>> HTTP REQUEST GET https://firebase.googleapis.com/v1beta1/projects/menu-c0848  
 
[debug] [2021-01-10T02:24:03.798Z] <<< HTTP RESPONSE 200 {"content-type":"application/json; charset=UTF-8","vary":"X-Origin, Referer, Origin,Accept-Encoding","date":"Sun, 10 Jan 2021 02:24:03 GMT","server":"ESF","cache-control":"private","x-xss-protection":"0","x-frame-options":"SAMEORIGIN","x-content-type-options":"nosniff","alt-svc":"h3-29=\":443\"; ma=2592000,h3-T051=\":443\"; ma=2592000,h3-Q050=\":443\"; ma=2592000,h3-Q046=\":443\"; ma=2592000,h3-Q043=\":443\"; ma=2592000,quic=\":443\"; ma=2592000; v=\"46,43\"","accept-ranges":"none","transfer-encoding":"chunked"}
[info] 
[info] === Serving from 'C:\Users\leowe\Desktop\Github\MenuReactApp\menu'...
[info] 
[warn] !  Your requested "node" version "12" doesn't match your global version "14" {"metadata":{"emulator":{"name":"functions"},"message":"Your requested \"node\" version \"12\" doesn't match your global version \"14\""}}
[debug] [2021-01-10T02:24:03.820Z] defaultcredentials: writing to file C:\Users\leowe\AppData\Roaming\firebase\leowei20110727_gmail_com_application_default_credentials.json
[debug] [2021-01-10T02:24:03.821Z] Setting GAC to C:\Users\leowe\AppData\Roaming\firebase\leowei20110727_gmail_com_application_default_credentials.json {"metadata":{"emulator":{"name":"functions"},"message":"Setting GAC to C:\\Users\\leowe\\AppData\\Roaming\\firebase\\leowei20110727_gmail_com_application_default_credentials.json"}}
[debug] [2021-01-10T02:24:03.823Z] > refreshing access token with scopes: []
[debug] [2021-01-10T02:24:03.823Z] >>> HTTP REQUEST POST https://www.googleapis.com/oauth2/v3/token  
 <request body omitted>
[debug] [2021-01-10T02:24:03.938Z] <<< HTTP RESPONSE 200 {"expires":"Mon, 01 Jan 1990 00:00:00 GMT","date":"Sun, 10 Jan 2021 02:24:03 GMT","cache-control":"no-cache, no-store, max-age=0, must-revalidate","pragma":"no-cache","content-type":"application/json; charset=utf-8","vary":"X-Origin, Referer, Origin,Accept-Encoding","server":"scaffolding on HTTPServer2","x-xss-protection":"0","x-frame-options":"SAMEORIGIN","x-content-type-options":"nosniff","alt-svc":"h3-29=\":443\"; ma=2592000,h3-T051=\":443\"; ma=2592000,h3-Q050=\":443\"; ma=2592000,h3-Q046=\":443\"; ma=2592000,h3-Q043=\":443\"; ma=2592000,quic=\":443\"; ma=2592000; v=\"46,43\"","accept-ranges":"none","transfer-encoding":"chunked"}
[debug] [2021-01-10T02:24:03.948Z] >>> [apiv2][query] GET https://firebase.googleapis.com/v1beta1/projects/menu-c0848/adminSdkConfig [none]
[debug] [2021-01-10T02:24:04.180Z] <<< [apiv2][status] GET https://firebase.googleapis.com/v1beta1/projects/menu-c0848/adminSdkConfig 200
[debug] [2021-01-10T02:24:04.181Z] <<< [apiv2][body] GET https://firebase.googleapis.com/v1beta1/projects/menu-c0848/adminSdkConfig {"projectId":"menu-c0848","databaseURL":"https://menu-c0848-default-rtdb.firebaseio.com","storageBucket":"menu-c0848.appspot.com","locationId":"us-central"}
[info] i  functions: Watching "C:\Users\leowe\Desktop\Github\MenuReactApp\menu\functions" for Cloud Functions... {"metadata":{"emulator":{"name":"functions"},"message":"Watching \"C:\\Users\\leowe\\Desktop\\Github\\MenuReactApp\\menu\\functions\" for Cloud Functions..."}}
[debug] [2021-01-10T02:24:04.260Z] [worker-pool] addWorker(~diagnostic~) {"metadata":{"emulator":{"name":"functions"},"message":"[worker-pool] addWorker(~diagnostic~)"}}
[debug] [2021-01-10T02:24:04.260Z] [worker-pool] Adding worker with key ~diagnostic~, total=1 {"metadata":{"emulator":{"name":"functions"},"message":"[worker-pool] Adding worker with key ~diagnostic~, total=1"}}
[debug] [2021-01-10T02:24:04.260Z] [worker-pool] submitWork(triggerId=) {"metadata":{"emulator":{"name":"functions"},"message":"[worker-pool] submitWork(triggerId=)"}}
[debug] [2021-01-10T02:24:04.261Z] [worker-~diagnostic~-af710091-594a-4e16-bfc3-53c942ad1a02]: Assigning socketPath: \\?\pipe\C:\Users\leowe\Desktop\Github\MenuReactApp\menu\functions\39824 {"metadata":{"emulator":{"name":"functions"},"message":"[worker-~diagnostic~-af710091-594a-4e16-bfc3-53c942ad1a02]: Assigning socketPath: \\\\?\\pipe\\C:\\Users\\leowe\\Desktop\\Github\\MenuReactApp\\menu\\functions\\39824"}}
[debug] [2021-01-10T02:24:04.261Z] [worker-~diagnostic~-af710091-594a-4e16-bfc3-53c942ad1a02]: BUSY {"metadata":{"emulator":{"name":"functions"},"message":"[worker-~diagnostic~-af710091-594a-4e16-bfc3-53c942ad1a02]: BUSY"}}
[debug] [2021-01-10T02:24:04.487Z] [runtime-status] [39824] Functions runtime initialized. {"cwd":"C:\\Users\\leowe\\Desktop\\Github\\MenuReactApp\\menu\\functions","node_version":"14.15.3"} {"metadata":{"emulator":{"name":"functions"},"message":"[runtime-status] [39824] Functions runtime initialized. {\"cwd\":\"C:\\\\Users\\\\leowe\\\\Desktop\\\\Github\\\\MenuReactApp\\\\menu\\\\functions\",\"node_version\":\"14.15.3\"}"}}
[debug] [2021-01-10T02:24:04.487Z] [runtime-status] [39824] Disabled runtime features: undefined {"metadata":{"emulator":{"name":"functions"},"message":"[runtime-status] [39824] Disabled runtime features: undefined"}}
[debug] [2021-01-10T02:24:04.491Z] [runtime-status] [39824] Resolved module firebase-admin {"declared":true,"installed":true,"version":"9.4.2","resolution":"C:\\Users\\leowe\\Desktop\\Github\\MenuReactApp\\menu\\functions\\node_modules\\firebase-admin\\lib\\index.js"} {"metadata":{"emulator":{"name":"functions"},"message":"[runtime-status] [39824] Resolved module firebase-admin {\"declared\":true,\"installed\":true,\"version\":\"9.4.2\",\"resolution\":\"C:\\\\Users\\\\leowe\\\\Desktop\\\\Github\\\\MenuReactApp\\\\menu\\\\functions\\\\node_modules\\\\firebase-admin\\\\lib\\\\index.js\"}"}}
[debug] [2021-01-10T02:24:04.493Z] [runtime-status] [39824] Resolved module firebase-functions {"declared":true,"installed":true,"version":"3.13.0","resolution":"C:\\Users\\leowe\\Desktop\\Github\\MenuReactApp\\menu\\functions\\node_modules\\firebase-functions\\lib\\index.js"} {"metadata":{"emulator":{"name":"functions"},"message":"[runtime-status] [39824] Resolved module firebase-functions {\"declared\":true,\"installed\":true,\"version\":\"3.13.0\",\"resolution\":\"C:\\\\Users\\\\leowe\\\\Desktop\\\\Github\\\\MenuReactApp\\\\menu\\\\functions\\\\node_modules\\\\firebase-functions\\\\lib\\\\index.js\"}"}}
[debug] [2021-01-10T02:24:04.496Z] [runtime-status] [39824] Resolved module firebase-functions {"declared":true,"installed":true,"version":"3.13.0","resolution":"C:\\Users\\leowe\\Desktop\\Github\\MenuReactApp\\menu\\functions\\node_modules\\firebase-functions\\lib\\index.js"} {"metadata":{"emulator":{"name":"functions"},"message":"[runtime-status] [39824] Resolved module firebase-functions {\"declared\":true,\"installed\":true,\"version\":\"3.13.0\",\"resolution\":\"C:\\\\Users\\\\leowe\\\\Desktop\\\\Github\\\\MenuReactApp\\\\menu\\\\functions\\\\node_modules\\\\firebase-functions\\\\lib\\\\index.js\"}"}}
[debug] [2021-01-10T02:24:04.498Z] [runtime-status] [39824] Outgoing network have been stubbed. [{"name":"http","status":"mocked"},{"name":"http","status":"mocked"},{"name":"https","status":"mocked"},{"name":"https","status":"mocked"},{"name":"net","status":"mocked"}] {"metadata":{"emulator":{"name":"functions"},"message":"[runtime-status] [39824] Outgoing network have been stubbed. [{\"name\":\"http\",\"status\":\"mocked\"},{\"name\":\"http\",\"status\":\"mocked\"},{\"name\":\"https\",\"status\":\"mocked\"},{\"name\":\"https\",\"status\":\"mocked\"},{\"name\":\"net\",\"status\":\"mocked\"}]"}}
[debug] [2021-01-10T02:24:04.498Z] [runtime-status] [39824] Resolved module firebase-functions {"declared":true,"installed":true,"version":"3.13.0","resolution":"C:\\Users\\leowe\\Desktop\\Github\\MenuReactApp\\menu\\functions\\node_modules\\firebase-functions\\lib\\index.js"} {"metadata":{"emulator":{"name":"functions"},"message":"[runtime-status] [39824] Resolved module firebase-functions {\"declared\":true,\"installed\":true,\"version\":\"3.13.0\",\"resolution\":\"C:\\\\Users\\\\leowe\\\\Desktop\\\\Github\\\\MenuReactApp\\\\menu\\\\functions\\\\node_modules\\\\firebase-functions\\\\lib\\\\index.js\"}"}}
[debug] [2021-01-10T02:24:04.562Z] [runtime-status] [39824] Checked functions.config() {"config":{}} {"metadata":{"emulator":{"name":"functions"},"message":"[runtime-status] [39824] Checked functions.config() {\"config\":{}}"}}
[debug] [2021-01-10T02:24:04.562Z] [runtime-status] [39824] firebase-functions has been stubbed. {"functionsResolution":{"declared":true,"installed":true,"version":"3.13.0","resolution":"C:\\Users\\leowe\\Desktop\\Github\\MenuReactApp\\menu\\functions\\node_modules\\firebase-functions\\lib\\index.js"}} {"metadata":{"emulator":{"name":"functions"},"message":"[runtime-status] [39824] firebase-functions has been stubbed. {\"functionsResolution\":{\"declared\":true,\"installed\":true,\"version\":\"3.13.0\",\"resolution\":\"C:\\\\Users\\\\leowe\\\\Desktop\\\\Github\\\\MenuReactApp\\\\menu\\\\functions\\\\node_modules\\\\firebase-functions\\\\lib\\\\index.js\"}}"}}
[debug] [2021-01-10T02:24:04.563Z] [runtime-status] [39824] Resolved module firebase-functions {"declared":true,"installed":true,"version":"3.13.0","resolution":"C:\\Users\\leowe\\Desktop\\Github\\MenuReactApp\\menu\\functions\\node_modules\\firebase-functions\\lib\\index.js"} {"metadata":{"emulator":{"name":"functions"},"message":"[runtime-status] [39824] Resolved module firebase-functions {\"declared\":true,\"installed\":true,\"version\":\"3.13.0\",\"resolution\":\"C:\\\\Users\\\\leowe\\\\Desktop\\\\Github\\\\MenuReactApp\\\\menu\\\\functions\\\\node_modules\\\\firebase-functions\\\\lib\\\\index.js\"}"}}
[debug] [2021-01-10T02:24:04.564Z] [runtime-status] [39824] Resolved module firebase-admin {"declared":true,"installed":true,"version":"9.4.2","resolution":"C:\\Users\\leowe\\Desktop\\Github\\MenuReactApp\\menu\\functions\\node_modules\\firebase-admin\\lib\\index.js"} {"metadata":{"emulator":{"name":"functions"},"message":"[runtime-status] [39824] Resolved module firebase-admin {\"declared\":true,\"installed\":true,\"version\":\"9.4.2\",\"resolution\":\"C:\\\\Users\\\\leowe\\\\Desktop\\\\Github\\\\MenuReactApp\\\\menu\\\\functions\\\\node_modules\\\\firebase-admin\\\\lib\\\\index.js\"}"}}
[debug] [2021-01-10T02:24:04.564Z] [runtime-status] [39824] Resolved module firebase-functions {"declared":true,"installed":true,"version":"3.13.0","resolution":"C:\\Users\\leowe\\Desktop\\Github\\MenuReactApp\\menu\\functions\\node_modules\\firebase-functions\\lib\\index.js"} {"metadata":{"emulator":{"name":"functions"},"message":"[runtime-status] [39824] Resolved module firebase-functions {\"declared\":true,\"installed\":true,\"version\":\"3.13.0\",\"resolution\":\"C:\\\\Users\\\\leowe\\\\Desktop\\\\Github\\\\MenuReactApp\\\\menu\\\\functions\\\\node_modules\\\\firebase-functions\\\\lib\\\\index.js\"}"}}
[debug] [2021-01-10T02:24:04.564Z] [runtime-status] [39824] firebase-admin has been stubbed. {"adminResolution":{"declared":true,"installed":true,"version":"9.4.2","resolution":"C:\\Users\\leowe\\Desktop\\Github\\MenuReactApp\\menu\\functions\\node_modules\\firebase-admin\\lib\\index.js"}} {"metadata":{"emulator":{"name":"functions"},"message":"[runtime-status] [39824] firebase-admin has been stubbed. {\"adminResolution\":{\"declared\":true,\"installed\":true,\"version\":\"9.4.2\",\"resolution\":\"C:\\\\Users\\\\leowe\\\\Desktop\\\\Github\\\\MenuReactApp\\\\menu\\\\functions\\\\node_modules\\\\firebase-admin\\\\lib\\\\index.js\"}}"}}
[debug] [2021-01-10T02:24:04.731Z] [runtime-status] [39824] initializeApp(DEFAULT) {"storageBucket":"menu-c0848.appspot.com","databaseURL":"https://menu-c0848-default-rtdb.firebaseio.com","projectId":"menu-c0848"} {"metadata":{"emulator":{"name":"functions"},"message":"[runtime-status] [39824] initializeApp(DEFAULT) {\"storageBucket\":\"menu-c0848.appspot.com\",\"databaseURL\":\"https://menu-c0848-default-rtdb.firebaseio.com\",\"projectId\":\"menu-c0848\"}"}}
[warn] !  functions: The Cloud Firestore emulator is not running, so calls to Firestore will affect production. {"metadata":{"emulator":{"name":"functions"},"message":"The Cloud Firestore emulator is not running, so calls to Firestore will affect production."}}
[info] +  functions[app]: http function initialized (http://localhost:5000/menu-c0848/us-central1/app). {"metadata":{"emulator":{"name":"functions"},"message":"\u001b[1mhttp\u001b[22m function initialized (http://localhost:5000/menu-c0848/us-central1/app)."}}
[debug] [2021-01-10T02:24:05.078Z] [worker-~diagnostic~-af710091-594a-4e16-bfc3-53c942ad1a02]: IDLE {"metadata":{"emulator":{"name":"functions"},"message":"[worker-~diagnostic~-af710091-594a-4e16-bfc3-53c942ad1a02]: IDLE"}}
[debug] [2021-01-10T02:24:22.003Z] [work-queue] {"queueLength":1,"workRunningCount":0}
[debug] [2021-01-10T02:24:22.004Z] [work-queue] {"queueLength":0,"workRunningCount":1}
[debug] [2021-01-10T02:24:22.005Z] Accepted request GET /menu-c0848/us-central1/app --> app
[debug] [2021-01-10T02:24:22.055Z] [worker-pool] addWorker(app) {"metadata":{"emulator":{"name":"functions"},"message":"[worker-pool] addWorker(app)"}}
[debug] [2021-01-10T02:24:22.055Z] [worker-pool] Adding worker with key app, total=1 {"metadata":{"emulator":{"name":"functions"},"message":"[worker-pool] Adding worker with key app, total=1"}}
[debug] [2021-01-10T02:24:22.055Z] [worker-pool] submitWork(triggerId=app) {"metadata":{"emulator":{"name":"functions"},"message":"[worker-pool] submitWork(triggerId=app)"}}
[debug] [2021-01-10T02:24:22.055Z] [worker-app-1b28c463-e97e-46f4-8ced-dca7c14904f0]: Assigning socketPath: \\?\pipe\C:\Users\leowe\Desktop\Github\MenuReactApp\menu\functions\37996 {"metadata":{"emulator":{"name":"functions"},"message":"[worker-app-1b28c463-e97e-46f4-8ced-dca7c14904f0]: Assigning socketPath: \\\\?\\pipe\\C:\\Users\\leowe\\Desktop\\Github\\MenuReactApp\\menu\\functions\\37996"}}
[debug] [2021-01-10T02:24:22.055Z] [worker-app-1b28c463-e97e-46f4-8ced-dca7c14904f0]: BUSY {"metadata":{"emulator":{"name":"functions"},"message":"[worker-app-1b28c463-e97e-46f4-8ced-dca7c14904f0]: BUSY"}}
[debug] [2021-01-10T02:24:22.256Z] [runtime-status] [37996] Functions runtime initialized. {"cwd":"C:\\Users\\leowe\\Desktop\\Github\\MenuReactApp\\menu\\functions","node_version":"14.15.3"} {"metadata":{"emulator":{"name":"functions"},"function":{"name":"app"},"message":"[runtime-status] [37996] Functions runtime initialized. {\"cwd\":\"C:\\\\Users\\\\leowe\\\\Desktop\\\\Github\\\\MenuReactApp\\\\menu\\\\functions\",\"node_version\":\"14.15.3\"}"}}
[debug] [2021-01-10T02:24:22.257Z] [runtime-status] [37996] Disabled runtime features: undefined {"metadata":{"emulator":{"name":"functions"},"function":{"name":"app"},"message":"[runtime-status] [37996] Disabled runtime features: undefined"}}
[debug] [2021-01-10T02:24:22.260Z] [runtime-status] [37996] Resolved module firebase-admin {"declared":true,"installed":true,"version":"9.4.2","resolution":"C:\\Users\\leowe\\Desktop\\Github\\MenuReactApp\\menu\\functions\\node_modules\\firebase-admin\\lib\\index.js"} {"metadata":{"emulator":{"name":"functions"},"function":{"name":"app"},"message":"[runtime-status] [37996] Resolved module firebase-admin {\"declared\":true,\"installed\":true,\"version\":\"9.4.2\",\"resolution\":\"C:\\\\Users\\\\leowe\\\\Desktop\\\\Github\\\\MenuReactApp\\\\menu\\\\functions\\\\node_modules\\\\firebase-admin\\\\lib\\\\index.js\"}"}}
[debug] [2021-01-10T02:24:22.262Z] [runtime-status] [37996] Resolved module firebase-functions {"declared":true,"installed":true,"version":"3.13.0","resolution":"C:\\Users\\leowe\\Desktop\\Github\\MenuReactApp\\menu\\functions\\node_modules\\firebase-functions\\lib\\index.js"} {"metadata":{"emulator":{"name":"functions"},"function":{"name":"app"},"message":"[runtime-status] [37996] Resolved module firebase-functions {\"declared\":true,\"installed\":true,\"version\":\"3.13.0\",\"resolution\":\"C:\\\\Users\\\\leowe\\\\Desktop\\\\Github\\\\MenuReactApp\\\\menu\\\\functions\\\\node_modules\\\\firebase-functions\\\\lib\\\\index.js\"}"}}
[debug] [2021-01-10T02:24:22.264Z] [runtime-status] [37996] Resolved module firebase-functions {"declared":true,"installed":true,"version":"3.13.0","resolution":"C:\\Users\\leowe\\Desktop\\Github\\MenuReactApp\\menu\\functions\\node_modules\\firebase-functions\\lib\\index.js"} {"metadata":{"emulator":{"name":"functions"},"function":{"name":"app"},"message":"[runtime-status] [37996] Resolved module firebase-functions {\"declared\":true,\"installed\":true,\"version\":\"3.13.0\",\"resolution\":\"C:\\\\Users\\\\leowe\\\\Desktop\\\\Github\\\\MenuReactApp\\\\menu\\\\functions\\\\node_modules\\\\firebase-functions\\\\lib\\\\index.js\"}"}}
[debug] [2021-01-10T02:24:22.265Z] [runtime-status] [37996] Outgoing network have been stubbed. [{"name":"http","status":"mocked"},{"name":"http","status":"mocked"},{"name":"https","status":"mocked"},{"name":"https","status":"mocked"},{"name":"net","status":"mocked"}] {"metadata":{"emulator":{"name":"functions"},"function":{"name":"app"},"message":"[runtime-status] [37996] Outgoing network have been stubbed. [{\"name\":\"http\",\"status\":\"mocked\"},{\"name\":\"http\",\"status\":\"mocked\"},{\"name\":\"https\",\"status\":\"mocked\"},{\"name\":\"https\",\"status\":\"mocked\"},{\"name\":\"net\",\"status\":\"mocked\"}]"}}
[debug] [2021-01-10T02:24:22.266Z] [runtime-status] [37996] Resolved module firebase-functions {"declared":true,"installed":true,"version":"3.13.0","resolution":"C:\\Users\\leowe\\Desktop\\Github\\MenuReactApp\\menu\\functions\\node_modules\\firebase-functions\\lib\\index.js"} {"metadata":{"emulator":{"name":"functions"},"function":{"name":"app"},"message":"[runtime-status] [37996] Resolved module firebase-functions {\"declared\":true,\"installed\":true,\"version\":\"3.13.0\",\"resolution\":\"C:\\\\Users\\\\leowe\\\\Desktop\\\\Github\\\\MenuReactApp\\\\menu\\\\functions\\\\node_modules\\\\firebase-functions\\\\lib\\\\index.js\"}"}}
[debug] [2021-01-10T02:24:22.319Z] [runtime-status] [37996] Checked functions.config() {"config":{}} {"metadata":{"emulator":{"name":"functions"},"function":{"name":"app"},"message":"[runtime-status] [37996] Checked functions.config() {\"config\":{}}"}}
[debug] [2021-01-10T02:24:22.319Z] [runtime-status] [37996] firebase-functions has been stubbed. {"functionsResolution":{"declared":true,"installed":true,"version":"3.13.0","resolution":"C:\\Users\\leowe\\Desktop\\Github\\MenuReactApp\\menu\\functions\\node_modules\\firebase-functions\\lib\\index.js"}} {"metadata":{"emulator":{"name":"functions"},"function":{"name":"app"},"message":"[runtime-status] [37996] firebase-functions has been stubbed. {\"functionsResolution\":{\"declared\":true,\"installed\":true,\"version\":\"3.13.0\",\"resolution\":\"C:\\\\Users\\\\leowe\\\\Desktop\\\\Github\\\\MenuReactApp\\\\menu\\\\functions\\\\node_modules\\\\firebase-functions\\\\lib\\\\index.js\"}}"}}
[debug] [2021-01-10T02:24:22.320Z] [runtime-status] [37996] Resolved module firebase-functions {"declared":true,"installed":true,"version":"3.13.0","resolution":"C:\\Users\\leowe\\Desktop\\Github\\MenuReactApp\\menu\\functions\\node_modules\\firebase-functions\\lib\\index.js"} {"metadata":{"emulator":{"name":"functions"},"function":{"name":"app"},"message":"[runtime-status] [37996] Resolved module firebase-functions {\"declared\":true,\"installed\":true,\"version\":\"3.13.0\",\"resolution\":\"C:\\\\Users\\\\leowe\\\\Desktop\\\\Github\\\\MenuReactApp\\\\menu\\\\functions\\\\node_modules\\\\firebase-functions\\\\lib\\\\index.js\"}"}}
[debug] [2021-01-10T02:24:22.322Z] [runtime-status] [37996] Resolved module firebase-admin {"declared":true,"installed":true,"version":"9.4.2","resolution":"C:\\Users\\leowe\\Desktop\\Github\\MenuReactApp\\menu\\functions\\node_modules\\firebase-admin\\lib\\index.js"} {"metadata":{"emulator":{"name":"functions"},"function":{"name":"app"},"message":"[runtime-status] [37996] Resolved module firebase-admin {\"declared\":true,\"installed\":true,\"version\":\"9.4.2\",\"resolution\":\"C:\\\\Users\\\\leowe\\\\Desktop\\\\Github\\\\MenuReactApp\\\\menu\\\\functions\\\\node_modules\\\\firebase-admin\\\\lib\\\\index.js\"}"}}
[debug] [2021-01-10T02:24:22.323Z] [runtime-status] [37996] Resolved module firebase-functions {"declared":true,"installed":true,"version":"3.13.0","resolution":"C:\\Users\\leowe\\Desktop\\Github\\MenuReactApp\\menu\\functions\\node_modules\\firebase-functions\\lib\\index.js"} {"metadata":{"emulator":{"name":"functions"},"function":{"name":"app"},"message":"[runtime-status] [37996] Resolved module firebase-functions {\"declared\":true,\"installed\":true,\"version\":\"3.13.0\",\"resolution\":\"C:\\\\Users\\\\leowe\\\\Desktop\\\\Github\\\\MenuReactApp\\\\menu\\\\functions\\\\node_modules\\\\firebase-functions\\\\lib\\\\index.js\"}"}}
[debug] [2021-01-10T02:24:22.323Z] [runtime-status] [37996] firebase-admin has been stubbed. {"adminResolution":{"declared":true,"installed":true,"version":"9.4.2","resolution":"C:\\Users\\leowe\\Desktop\\Github\\MenuReactApp\\menu\\functions\\node_modules\\firebase-admin\\lib\\index.js"}} {"metadata":{"emulator":{"name":"functions"},"function":{"name":"app"},"message":"[runtime-status] [37996] firebase-admin has been stubbed. {\"adminResolution\":{\"declared\":true,\"installed\":true,\"version\":\"9.4.2\",\"resolution\":\"C:\\\\Users\\\\leowe\\\\Desktop\\\\Github\\\\MenuReactApp\\\\menu\\\\functions\\\\node_modules\\\\firebase-admin\\\\lib\\\\index.js\"}}"}}
[debug] [2021-01-10T02:24:22.469Z] [runtime-status] [37996] initializeApp(DEFAULT) {"storageBucket":"menu-c0848.appspot.com","databaseURL":"https://menu-c0848-default-rtdb.firebaseio.com","projectId":"menu-c0848"} {"metadata":{"emulator":{"name":"functions"},"function":{"name":"app"},"message":"[runtime-status] [37996] initializeApp(DEFAULT) {\"storageBucket\":\"menu-c0848.appspot.com\",\"databaseURL\":\"https://menu-c0848-default-rtdb.firebaseio.com\",\"projectId\":\"menu-c0848\"}"}}
[debug] [2021-01-10T02:24:22.784Z] [runtime-status] [37996] Trigger "app" has been found, beginning invocation! {"metadata":{"emulator":{"name":"functions"},"function":{"name":"app"},"message":"[runtime-status] [37996] Trigger \"app\" has been found, beginning invocation!"}}
[info] i  functions: Beginning execution of "app" {"metadata":{"emulator":{"name":"functions"},"function":{"name":"app"},"message":"Beginning execution of \"app\""}}
[debug] [2021-01-10T02:24:22.785Z] [runtime-status] [37996] triggerDefinition {"httpsTrigger":{},"name":"app","entryPoint":"app"} {"metadata":{"emulator":{"name":"functions"},"function":{"name":"app"},"message":"[runtime-status] [37996] triggerDefinition {\"httpsTrigger\":{},\"name\":\"app\",\"entryPoint\":\"app\"}"}}
[debug] [2021-01-10T02:24:22.785Z] [runtime-status] [37996] Running app in mode HTTPS {"metadata":{"emulator":{"name":"functions"},"function":{"name":"app"},"message":"[runtime-status] [37996] Running app in mode HTTPS"}}
[debug] [2021-01-10T02:24:22.789Z] [runtime-status] [37996] Attempting to listen to socketPath: \\?\pipe\C:\Users\leowe\Desktop\Github\MenuReactApp\menu\functions\37996 {"metadata":{"emulator":{"name":"functions"},"function":{"name":"app"},"message":"[runtime-status] [37996] Attempting to listen to socketPath: \\\\?\\pipe\\C:\\Users\\leowe\\Desktop\\Github\\MenuReactApp\\menu\\functions\\37996"}}
[debug] [2021-01-10T02:24:22.793Z] [functions] Runtime ready! Sending request! {"metadata":{"emulator":{"name":"functions"},"message":"[functions] Runtime ready! Sending request!"}}
[debug] [2021-01-10T02:24:22.800Z] [runtime-status] [37996] Ephemeral server handling GET request {"metadata":{"emulator":{"name":"functions"},"function":{"name":"app"},"message":"[runtime-status] [37996] Ephemeral server handling GET request"}}
[debug] [2021-01-10T02:24:22.804Z] [runtime-status] [37996] Ephemeral server survived. {"metadata":{"emulator":{"name":"functions"},"function":{"name":"app"},"message":"[runtime-status] [37996] Ephemeral server survived."}}
[info] >  hello {"user":"hello","metadata":{"emulator":{"name":"functions"},"function":{"name":"app"},"message":"\u001b[90m> \u001b[39m hello"}}
[warn] !  Google API requested!
   - URL: "https://oauth2.googleapis.com/token"
   - Be careful, this may be a production service. {"metadata":{"emulator":{"name":"functions"},"function":{"name":"app"},"message":"Google API requested!\n   - URL: \"https://oauth2.googleapis.com/token\"\n   - Be careful, this may be a production service."}}
[info] >  { {"user":"{","metadata":{"emulator":{"name":"functions"},"function":{"name":"app"},"message":"\u001b[90m> \u001b[39m {"}}
[info] >    email: 'leowei20110727@gmail.com', {"user":"  email: 'leowei20110727@gmail.com',","metadata":{"emulator":{"name":"functions"},"function":{"name":"app"},"message":"\u001b[90m> \u001b[39m   email: 'leowei20110727@gmail.com',"}}
[info] >    createdAt: Timestamp { _seconds: 1610232621, _nanoseconds: 760000000 }, {"user":"  createdAt: Timestamp { _seconds: 1610232621, _nanoseconds: 760000000 },","metadata":{"emulator":{"name":"functions"},"function":{"name":"app"},"message":"\u001b[90m> \u001b[39m   createdAt: Timestamp { _seconds: 1610232621, _nanoseconds: 760000000 },"}}
[info] >    displayName: 'Leo Wei' {"user":"  displayName: 'Leo Wei'","metadata":{"emulator":{"name":"functions"},"function":{"name":"app"},"message":"\u001b[90m> \u001b[39m   displayName: 'Leo Wei'"}}
[info] >  } {"user":"}","metadata":{"emulator":{"name":"functions"},"function":{"name":"app"},"message":"\u001b[90m> \u001b[39m }"}}
[info] >  { {"user":"{","metadata":{"emulator":{"name":"functions"},"function":{"name":"app"},"message":"\u001b[90m> \u001b[39m {"}}
[info] >    createdAt: Timestamp { _seconds: 1610232775, _nanoseconds: 34000000 }, {"user":"  createdAt: Timestamp { _seconds: 1610232775, _nanoseconds: 34000000 },","metadata":{"emulator":{"name":"functions"},"function":{"name":"app"},"message":"\u001b[90m> \u001b[39m   createdAt: Timestamp { _seconds: 1610232775, _nanoseconds: 34000000 },"}}
[info] >    email: 'jasminekkwong@gmail.com', {"user":"  email: 'jasminekkwong@gmail.com',","metadata":{"emulator":{"name":"functions"},"function":{"name":"app"},"message":"\u001b[90m> \u001b[39m   email: 'jasminekkwong@gmail.com',"}}
[info] >    displayName: 'Jasmine Kwong' {"user":"  displayName: 'Jasmine Kwong'","metadata":{"emulator":{"name":"functions"},"function":{"name":"app"},"message":"\u001b[90m> \u001b[39m   displayName: 'Jasmine Kwong'"}}
[info] >  } {"user":"}","metadata":{"emulator":{"name":"functions"},"function":{"name":"app"},"message":"\u001b[90m> \u001b[39m }"}}
[info] >  { {"user":"{","metadata":{"emulator":{"name":"functions"},"function":{"name":"app"},"message":"\u001b[90m> \u001b[39m {"}}
[info] >    email: 'blin12344@gmail.com', {"user":"  email: 'blin12344@gmail.com',","metadata":{"emulator":{"name":"functions"},"function":{"name":"app"},"message":"\u001b[90m> \u001b[39m   email: 'blin12344@gmail.com',"}}
[info] >    createdAt: Timestamp { _seconds: 1610232961, _nanoseconds: 932000000 }, {"user":"  createdAt: Timestamp { _seconds: 1610232961, _nanoseconds: 932000000 },","metadata":{"emulator":{"name":"functions"},"function":{"name":"app"},"message":"\u001b[90m> \u001b[39m   createdAt: Timestamp { _seconds: 1610232961, _nanoseconds: 932000000 },"}}
[info] >    displayName: 'Benson Lin' {"user":"  displayName: 'Benson Lin'","metadata":{"emulator":{"name":"functions"},"function":{"name":"app"},"message":"\u001b[90m> \u001b[39m   displayName: 'Benson Lin'"}}
[info] >  } {"user":"}","metadata":{"emulator":{"name":"functions"},"function":{"name":"app"},"message":"\u001b[90m> \u001b[39m }"}}
[info] >  { {"user":"{","metadata":{"emulator":{"name":"functions"},"function":{"name":"app"},"message":"\u001b[90m> \u001b[39m {"}}
[info] >    createdAt: Timestamp { _seconds: 1610243714, _nanoseconds: 823000000 }, {"user":"  createdAt: Timestamp { _seconds: 1610243714, _nanoseconds: 823000000 },","metadata":{"emulator":{"name":"functions"},"function":{"name":"app"},"message":"\u001b[90m> \u001b[39m   createdAt: Timestamp { _seconds: 1610243714, _nanoseconds: 823000000 },"}}
[info] >    displayName: 'Gary Hwu', {"user":"  displayName: 'Gary Hwu',","metadata":{"emulator":{"name":"functions"},"function":{"name":"app"},"message":"\u001b[90m> \u001b[39m   displayName: 'Gary Hwu',"}}
[info] >    email: 'garyh1998@gmail.com' {"user":"  email: 'garyh1998@gmail.com'","metadata":{"emulator":{"name":"functions"},"function":{"name":"app"},"message":"\u001b[90m> \u001b[39m   email: 'garyh1998@gmail.com'"}}
[info] >  } {"user":"}","metadata":{"emulator":{"name":"functions"},"function":{"name":"app"},"message":"\u001b[90m> \u001b[39m }"}}
[info] >  GET /menu-c0848/us-central1/app 200 555.947 ms - 5392 {"user":"\u001b[0mGET /menu-c0848/us-central1/app \u001b[32m200\u001b[0m 555.947 ms - 5392\u001b[0m","metadata":{"emulator":{"name":"functions"},"function":{"name":"app"},"message":"\u001b[90m> \u001b[39m \u001b[0mGET /menu-c0848/us-central1/app \u001b[32m200\u001b[0m 555.947 ms - 5392\u001b[0m"}}
[info] i  functions: Finished "app" in ~1s {"metadata":{"emulator":{"name":"functions"},"function":{"name":"app"},"message":"Finished \"app\" in ~1s"}}
[debug] [2021-01-10T02:24:23.390Z] [worker-app-1b28c463-e97e-46f4-8ced-dca7c14904f0]: IDLE {"metadata":{"emulator":{"name":"functions"},"message":"[worker-app-1b28c463-e97e-46f4-8ced-dca7c14904f0]: IDLE"}}
[debug] [2021-01-10T02:24:23.390Z] [work-queue] {"queueLength":0,"workRunningCount":0}
[debug] [2021-01-10T02:28:47.298Z] [work-queue] {"queueLength":1,"workRunningCount":0}
[debug] [2021-01-10T02:28:47.298Z] [work-queue] {"queueLength":0,"workRunningCount":1}
[debug] [2021-01-10T02:28:47.299Z] Accepted request GET /menu-c0848/us-central1/app --> app
[debug] [2021-01-10T02:28:47.299Z] [worker-pool] submitWork(triggerId=app) {"metadata":{"emulator":{"name":"functions"},"message":"[worker-pool] submitWork(triggerId=app)"}}
[debug] [2021-01-10T02:28:47.299Z] [worker-app-1b28c463-e97e-46f4-8ced-dca7c14904f0]: Assigning socketPath: \\?\pipe\C:\Users\leowe\Desktop\Github\MenuReactApp\menu\functions\37996 {"metadata":{"emulator":{"name":"functions"},"message":"[worker-app-1b28c463-e97e-46f4-8ced-dca7c14904f0]: Assigning socketPath: \\\\?\\pipe\\C:\\Users\\leowe\\Desktop\\Github\\MenuReactApp\\menu\\functions\\37996"}}
[debug] [2021-01-10T02:28:47.299Z] [worker-app-1b28c463-e97e-46f4-8ced-dca7c14904f0]: BUSY {"metadata":{"emulator":{"name":"functions"},"message":"[worker-app-1b28c463-e97e-46f4-8ced-dca7c14904f0]: BUSY"}}
[debug] [2021-01-10T02:28:47.300Z] [runtime-status] [37996] Trigger "app" has been found, beginning invocation! {"metadata":{"emulator":{"name":"functions"},"function":{"name":"app"},"message":"[runtime-status] [37996] Trigger \"app\" has been found, beginning invocation!"}}
[info] i  functions: Beginning execution of "app" {"metadata":{"emulator":{"name":"functions"},"function":{"name":"app"},"message":"Beginning execution of \"app\""}}
[debug] [2021-01-10T02:28:47.302Z] [runtime-status] [37996] triggerDefinition {"httpsTrigger":{},"name":"app","entryPoint":"app"} {"metadata":{"emulator":{"name":"functions"},"function":{"name":"app"},"message":"[runtime-status] [37996] triggerDefinition {\"httpsTrigger\":{},\"name\":\"app\",\"entryPoint\":\"app\"}"}}
[debug] [2021-01-10T02:28:47.303Z] [runtime-status] [37996] Running app in mode HTTPS {"metadata":{"emulator":{"name":"functions"},"function":{"name":"app"},"message":"[runtime-status] [37996] Running app in mode HTTPS"}}
[debug] [2021-01-10T02:28:47.303Z] [runtime-status] [37996] Attempting to listen to socketPath: \\?\pipe\C:\Users\leowe\Desktop\Github\MenuReactApp\menu\functions\37996 {"metadata":{"emulator":{"name":"functions"},"function":{"name":"app"},"message":"[runtime-status] [37996] Attempting to listen to socketPath: \\\\?\\pipe\\C:\\Users\\leowe\\Desktop\\Github\\MenuReactApp\\menu\\functions\\37996"}}
[debug] [2021-01-10T02:28:47.305Z] [functions] Runtime ready! Sending request! {"metadata":{"emulator":{"name":"functions"},"message":"[functions] Runtime ready! Sending request!"}}
[debug] [2021-01-10T02:28:47.310Z] [runtime-status] [37996] Ephemeral server handling GET request {"metadata":{"emulator":{"name":"functions"},"function":{"name":"app"},"message":"[runtime-status] [37996] Ephemeral server handling GET request"}}
[debug] [2021-01-10T02:28:47.310Z] [runtime-status] [37996] Ephemeral server survived. {"metadata":{"emulator":{"name":"functions"},"function":{"name":"app"},"message":"[runtime-status] [37996] Ephemeral server survived."}}
[info] >  hello {"user":"hello","metadata":{"emulator":{"name":"functions"},"function":{"name":"app"},"message":"\u001b[90m> \u001b[39m hello"}}
[info] >  { {"user":"{","metadata":{"emulator":{"name":"functions"},"function":{"name":"app"},"message":"\u001b[90m> \u001b[39m {"}}
[info] >    createdAt: Timestamp { _seconds: 1610232621, _nanoseconds: 760000000 }, {"user":"  createdAt: Timestamp { _seconds: 1610232621, _nanoseconds: 760000000 },","metadata":{"emulator":{"name":"functions"},"function":{"name":"app"},"message":"\u001b[90m> \u001b[39m   createdAt: Timestamp { _seconds: 1610232621, _nanoseconds: 760000000 },"}}
[info] >    displayName: 'Leo Wei', {"user":"  displayName: 'Leo Wei',","metadata":{"emulator":{"name":"functions"},"function":{"name":"app"},"message":"\u001b[90m> \u001b[39m   displayName: 'Leo Wei',"}}
[info] >    email: 'leowei20110727@gmail.com' {"user":"  email: 'leowei20110727@gmail.com'","metadata":{"emulator":{"name":"functions"},"function":{"name":"app"},"message":"\u001b[90m> \u001b[39m   email: 'leowei20110727@gmail.com'"}}
[info] >  } {"user":"}","metadata":{"emulator":{"name":"functions"},"function":{"name":"app"},"message":"\u001b[90m> \u001b[39m }"}}
[info] >  { {"user":"{","metadata":{"emulator":{"name":"functions"},"function":{"name":"app"},"message":"\u001b[90m> \u001b[39m {"}}
[info] >    email: 'jasminekkwong@gmail.com', {"user":"  email: 'jasminekkwong@gmail.com',","metadata":{"emulator":{"name":"functions"},"function":{"name":"app"},"message":"\u001b[90m> \u001b[39m   email: 'jasminekkwong@gmail.com',"}}
[info] >    createdAt: Timestamp { _seconds: 1610232775, _nanoseconds: 34000000 }, {"user":"  createdAt: Timestamp { _seconds: 1610232775, _nanoseconds: 34000000 },","metadata":{"emulator":{"name":"functions"},"function":{"name":"app"},"message":"\u001b[90m> \u001b[39m   createdAt: Timestamp { _seconds: 1610232775, _nanoseconds: 34000000 },"}}
[info] >    displayName: 'Jasmine Kwong' {"user":"  displayName: 'Jasmine Kwong'","metadata":{"emulator":{"name":"functions"},"function":{"name":"app"},"message":"\u001b[90m> \u001b[39m   displayName: 'Jasmine Kwong'"}}
[info] >  } {"user":"}","metadata":{"emulator":{"name":"functions"},"function":{"name":"app"},"message":"\u001b[90m> \u001b[39m }"}}
[info] >  { {"user":"{","metadata":{"emulator":{"name":"functions"},"function":{"name":"app"},"message":"\u001b[90m> \u001b[39m {"}}
[info] >    email: 'blin12344@gmail.com', {"user":"  email: 'blin12344@gmail.com',","metadata":{"emulator":{"name":"functions"},"function":{"name":"app"},"message":"\u001b[90m> \u001b[39m   email: 'blin12344@gmail.com',"}}
[info] >    displayName: 'Benson Lin', {"user":"  displayName: 'Benson Lin',","metadata":{"emulator":{"name":"functions"},"function":{"name":"app"},"message":"\u001b[90m> \u001b[39m   displayName: 'Benson Lin',"}}
[info] >    createdAt: Timestamp { _seconds: 1610232961, _nanoseconds: 932000000 } {"user":"  createdAt: Timestamp { _seconds: 1610232961, _nanoseconds: 932000000 }","metadata":{"emulator":{"name":"functions"},"function":{"name":"app"},"message":"\u001b[90m> \u001b[39m   createdAt: Timestamp { _seconds: 1610232961, _nanoseconds: 932000000 }"}}
[info] >  } {"user":"}","metadata":{"emulator":{"name":"functions"},"function":{"name":"app"},"message":"\u001b[90m> \u001b[39m }"}}
[info] >  { {"user":"{","metadata":{"emulator":{"name":"functions"},"function":{"name":"app"},"message":"\u001b[90m> \u001b[39m {"}}
[info] >    email: 'garyh1998@gmail.com', {"user":"  email: 'garyh1998@gmail.com',","metadata":{"emulator":{"name":"functions"},"function":{"name":"app"},"message":"\u001b[90m> \u001b[39m   email: 'garyh1998@gmail.com',"}}
[info] >    createdAt: Timestamp { _seconds: 1610243714, _nanoseconds: 823000000 }, {"user":"  createdAt: Timestamp { _seconds: 1610243714, _nanoseconds: 823000000 },","metadata":{"emulator":{"name":"functions"},"function":{"name":"app"},"message":"\u001b[90m> \u001b[39m   createdAt: Timestamp { _seconds: 1610243714, _nanoseconds: 823000000 },"}}
[info] >    displayName: 'Gary Hwu' {"user":"  displayName: 'Gary Hwu'","metadata":{"emulator":{"name":"functions"},"function":{"name":"app"},"message":"\u001b[90m> \u001b[39m   displayName: 'Gary Hwu'"}}
[info] >  } {"user":"}","metadata":{"emulator":{"name":"functions"},"function":{"name":"app"},"message":"\u001b[90m> \u001b[39m }"}}
[info] >  GET /menu-c0848/us-central1/app 200 248.757 ms - 5392 {"user":"\u001b[0mGET /menu-c0848/us-central1/app \u001b[32m200\u001b[0m 248.757 ms - 5392\u001b[0m","metadata":{"emulator":{"name":"functions"},"function":{"name":"app"},"message":"\u001b[90m> \u001b[39m \u001b[0mGET /menu-c0848/us-central1/app \u001b[32m200\u001b[0m 248.757 ms - 5392\u001b[0m"}}
[info] i  functions: Finished "app" in ~1s {"metadata":{"emulator":{"name":"functions"},"function":{"name":"app"},"message":"Finished \"app\" in ~1s"}}
[debug] [2021-01-10T02:28:47.580Z] [worker-app-1b28c463-e97e-46f4-8ced-dca7c14904f0]: IDLE {"metadata":{"emulator":{"name":"functions"},"message":"[worker-app-1b28c463-e97e-46f4-8ced-dca7c14904f0]: IDLE"}}
[debug] [2021-01-10T02:28:47.580Z] [work-queue] {"queueLength":0,"workRunningCount":0}
[debug] [2021-01-10T02:30:22.487Z] File C:\Users\leowe\Desktop\Github\MenuReactApp\menu\functions\package-lock.json changed, reloading triggers {"metadata":{"emulator":{"name":"functions"},"message":"File C:\\Users\\leowe\\Desktop\\Github\\MenuReactApp\\menu\\functions\\package-lock.json changed, reloading triggers"}}
